[2018-12-21 22:42:46,067: INFO/Beat] beat: Starting...
[2018-12-21 22:42:46,069: INFO/Beat] Writing entries (0)...
[2018-12-21 22:42:46,077: INFO/MainProcess] Connected to redis://:**@127.0.0.1:6379/6
[2018-12-21 22:42:46,087: INFO/MainProcess] mingle: searching for neighbors
[2018-12-21 22:42:46,134: INFO/Beat] DatabaseScheduler: Schedule changed.
[2018-12-21 22:42:46,135: INFO/Beat] Writing entries (0)...
[2018-12-21 22:42:47,092: INFO/MainProcess] mingle: all alone
[2018-12-21 22:42:47,099: WARNING/MainProcess] celery@izwz9gl0bn6r7i8bieb9vfz ready.
[2018-12-21 22:42:51,163: INFO/Beat] Writing entries (0)...
[2018-12-21 22:45:56,013: INFO/Beat] Writing entries (0)...
[2018-12-21 22:49:00,874: INFO/Beat] Writing entries (0)...
[2018-12-21 22:49:54,489: INFO/Beat] Writing entries (0)...
[2018-12-21 22:49:54,497: INFO/Beat] Writing entries (0)...

Restarting celery worker (manage.py celery worker -B -l info)
[2018-12-21 22:49:54,502: INFO/MainProcess] beat: Shutting down...
[2018-12-21 22:49:55,142: INFO/Beat] beat: Starting...
[2018-12-21 22:49:55,144: INFO/Beat] Writing entries (0)...
[2018-12-21 22:49:55,152: INFO/MainProcess] Connected to redis://:**@127.0.0.1:6379/6
[2018-12-21 22:49:55,175: INFO/MainProcess] mingle: searching for neighbors
[2018-12-21 22:49:55,215: INFO/Beat] DatabaseScheduler: Schedule changed.
[2018-12-21 22:49:55,215: INFO/Beat] Writing entries (0)...
[2018-12-21 22:49:56,183: INFO/MainProcess] mingle: all alone
[2018-12-21 22:49:56,191: WARNING/MainProcess] celery@izwz9gl0bn6r7i8bieb9vfz ready.
[2018-12-21 22:50:00,246: INFO/Beat] Writing entries (0)...
[2018-12-21 22:53:05,096: INFO/Beat] Writing entries (0)...
[2018-12-21 22:56:09,955: INFO/Beat] Writing entries (0)...
[2018-12-21 22:59:14,829: INFO/Beat] Writing entries (0)...
[2018-12-21 23:02:19,677: INFO/Beat] Writing entries (0)...
[2018-12-21 23:05:24,534: INFO/Beat] Writing entries (0)...
[2018-12-21 23:08:29,401: INFO/Beat] Writing entries (0)...
[2018-12-21 23:11:34,269: INFO/Beat] Writing entries (0)...
[2018-12-21 23:14:39,143: INFO/Beat] Writing entries (0)...
[2018-12-21 23:17:44,011: INFO/Beat] Writing entries (0)...
[2018-12-21 23:20:48,874: INFO/Beat] Writing entries (0)...
[2018-12-21 23:23:53,736: INFO/Beat] Writing entries (0)...
[2018-12-21 23:26:58,611: INFO/Beat] Writing entries (0)...
[2018-12-21 23:30:03,475: INFO/Beat] Writing entries (0)...
[2018-12-21 23:33:08,343: INFO/Beat] Writing entries (0)...
[2018-12-21 23:36:13,203: INFO/Beat] Writing entries (0)...
[2018-12-21 23:39:18,070: INFO/Beat] Writing entries (0)...
[2018-12-21 23:42:22,944: INFO/Beat] Writing entries (0)...
[2018-12-21 23:45:27,813: INFO/Beat] Writing entries (0)...
[2018-12-21 23:48:32,666: INFO/Beat] Writing entries (0)...
[2018-12-21 23:51:37,525: INFO/Beat] Writing entries (0)...
[2018-12-21 23:54:42,391: INFO/Beat] Writing entries (0)...
[2018-12-21 23:57:47,252: INFO/Beat] Writing entries (0)...
[2018-12-22 00:00:52,107: INFO/Beat] Writing entries (0)...
[2018-12-22 00:03:56,964: INFO/Beat] Writing entries (0)...
[2018-12-22 00:07:01,824: INFO/Beat] Writing entries (0)...
[2018-12-22 00:10:06,684: INFO/Beat] Writing entries (0)...
[2018-12-22 00:13:11,549: INFO/Beat] Writing entries (0)...
[2018-12-22 00:16:16,405: INFO/Beat] Writing entries (0)...
[2018-12-22 00:19:21,278: INFO/Beat] Writing entries (0)...
[2018-12-22 00:22:26,129: INFO/Beat] Writing entries (0)...
[2018-12-22 00:25:30,990: INFO/Beat] Writing entries (0)...
[2018-12-22 00:28:35,856: INFO/Beat] Writing entries (0)...
[2018-12-22 00:30:00,000: INFO/Beat] Scheduler: Sending due task 每天的凌晨12:30分将redis数据导入mysql (wechat.tasks.redis_to_mysql)
[2018-12-22 00:30:00,005: INFO/MainProcess] Received task: wechat.tasks.redis_to_mysql[d7e8d59d-de22-436b-a0b2-a507a357e9e8]
[2018-12-22 00:30:00,007: WARNING/Worker-2] 开始执行定时任务redis_to_mysql,12/22/2018 00:30:00 AM
[2018-12-22 00:30:00,611: WARNING/Worker-2] 201712023094,student,四川工程职业技术学院保存成功，12/22/2018 00:30:00 AM
[2018-12-22 00:30:00,967: WARNING/Worker-2] 213213513132123,teacher,四川工程职业技术学院保存成功，12/22/2018 00:30:00 AM
[2018-12-22 00:30:01,315: WARNING/Worker-2] li_deng_wan,student,校长保存成功，12/22/2018 00:30:01 AM
[2018-12-22 00:30:01,317: INFO/MainProcess] Task wechat.tasks.redis_to_mysql[d7e8d59d-de22-436b-a0b2-a507a357e9e8] succeeded in 1.3103280069772154s: None
[2018-12-22 00:31:39,942: INFO/Beat] Writing entries (1)...
[2018-12-22 00:34:44,827: INFO/Beat] Writing entries (0)...
[2018-12-22 00:37:49,699: INFO/Beat] Writing entries (0)...
[2018-12-22 00:40:54,553: INFO/Beat] Writing entries (0)...
[2018-12-22 00:43:59,416: INFO/Beat] Writing entries (0)...
[2018-12-22 00:47:04,270: INFO/Beat] Writing entries (0)...
[2018-12-22 00:50:09,129: INFO/Beat] Writing entries (0)...
[2018-12-22 00:53:13,990: INFO/Beat] Writing entries (0)...
[2018-12-22 00:56:18,847: INFO/Beat] Writing entries (0)...
[2018-12-22 00:59:23,697: INFO/Beat] Writing entries (0)...
[2018-12-22 01:02:28,551: INFO/Beat] Writing entries (0)...
[2018-12-22 01:05:33,400: INFO/Beat] Writing entries (0)...
[2018-12-22 01:08:38,277: INFO/Beat] Writing entries (0)...
[2018-12-22 01:11:43,138: INFO/Beat] Writing entries (0)...
[2018-12-22 01:14:48,011: INFO/Beat] Writing entries (0)...
[2018-12-22 01:17:52,889: INFO/Beat] Writing entries (0)...
[2018-12-22 01:20:57,753: INFO/Beat] Writing entries (0)...
[2018-12-22 01:24:02,618: INFO/Beat] Writing entries (0)...
[2018-12-22 01:27:07,471: INFO/Beat] Writing entries (0)...
[2018-12-22 01:30:12,336: INFO/Beat] Writing entries (0)...
[2018-12-22 01:33:17,200: INFO/Beat] Writing entries (0)...
[2018-12-22 01:36:22,062: INFO/Beat] Writing entries (0)...
[2018-12-22 01:39:26,928: INFO/Beat] Writing entries (0)...
[2018-12-22 01:42:31,789: INFO/Beat] Writing entries (0)...
[2018-12-22 01:45:36,670: INFO/Beat] Writing entries (0)...
[2018-12-22 01:48:41,552: INFO/Beat] Writing entries (0)...
[2018-12-22 01:51:46,417: INFO/Beat] Writing entries (0)...
[2018-12-22 01:54:51,295: INFO/Beat] Writing entries (0)...
[2018-12-22 01:57:56,170: INFO/Beat] Writing entries (0)...
[2018-12-22 02:01:01,045: INFO/Beat] Writing entries (0)...
[2018-12-22 02:04:05,918: INFO/Beat] Writing entries (0)...
[2018-12-22 02:07:10,783: INFO/Beat] Writing entries (0)...
[2018-12-22 02:10:15,645: INFO/Beat] Writing entries (0)...
[2018-12-22 02:13:20,500: INFO/Beat] Writing entries (0)...
[2018-12-22 02:16:25,356: INFO/Beat] Writing entries (0)...
[2018-12-22 02:19:30,223: INFO/Beat] Writing entries (0)...
[2018-12-22 02:22:35,093: INFO/Beat] Writing entries (0)...
[2018-12-22 02:25:39,945: INFO/Beat] Writing entries (0)...
[2018-12-22 02:28:44,794: INFO/Beat] Writing entries (0)...
[2018-12-22 02:31:49,662: INFO/Beat] Writing entries (0)...
[2018-12-22 02:34:54,527: INFO/Beat] Writing entries (0)...
[2018-12-22 02:37:59,404: INFO/Beat] Writing entries (0)...
[2018-12-22 02:41:04,268: INFO/Beat] Writing entries (0)...
[2018-12-22 02:44:09,145: INFO/Beat] Writing entries (0)...
[2018-12-22 02:47:14,004: INFO/Beat] Writing entries (0)...
[2018-12-22 02:50:18,866: INFO/Beat] Writing entries (0)...
[2018-12-22 02:53:23,741: INFO/Beat] Writing entries (0)...
[2018-12-22 02:56:28,609: INFO/Beat] Writing entries (0)...
[2018-12-22 02:59:33,481: INFO/Beat] Writing entries (0)...
[2018-12-22 03:02:38,358: INFO/Beat] Writing entries (0)...
[2018-12-22 03:05:43,237: INFO/Beat] Writing entries (0)...
[2018-12-22 03:08:48,091: INFO/Beat] Writing entries (0)...
[2018-12-22 03:11:52,935: INFO/Beat] Writing entries (0)...
[2018-12-22 03:14:57,796: INFO/Beat] Writing entries (0)...
[2018-12-22 03:18:02,659: INFO/Beat] Writing entries (0)...
[2018-12-22 03:21:07,537: INFO/Beat] Writing entries (0)...
[2018-12-22 03:24:12,404: INFO/Beat] Writing entries (0)...
[2018-12-22 03:27:17,279: INFO/Beat] Writing entries (0)...
[2018-12-22 03:30:22,161: INFO/Beat] Writing entries (0)...
[2018-12-22 03:33:27,020: INFO/Beat] Writing entries (0)...
[2018-12-22 03:36:31,887: INFO/Beat] Writing entries (0)...
[2018-12-22 03:39:36,737: INFO/Beat] Writing entries (0)...
[2018-12-22 03:42:41,607: INFO/Beat] Writing entries (0)...
[2018-12-22 03:45:46,484: INFO/Beat] Writing entries (0)...
[2018-12-22 03:48:51,361: INFO/Beat] Writing entries (0)...
[2018-12-22 03:51:56,240: INFO/Beat] Writing entries (0)...
[2018-12-22 03:55:01,120: INFO/Beat] Writing entries (0)...
[2018-12-22 03:58:05,993: INFO/Beat] Writing entries (0)...
[2018-12-22 04:00:00,000: INFO/Beat] Scheduler: Sending due task celery.backend_cleanup (celery.backend_cleanup)
[2018-12-22 04:00:00,003: INFO/MainProcess] Received task: celery.backend_cleanup[422dfc31-9862-4a7d-988f-9ebdfa86de3f]
[2018-12-22 04:00:00,005: INFO/MainProcess] Task celery.backend_cleanup[422dfc31-9862-4a7d-988f-9ebdfa86de3f] succeeded in 0.0011249028611928225s: None
[2018-12-22 04:01:09,959: INFO/Beat] Writing entries (1)...
[2018-12-22 04:04:14,821: INFO/Beat] Writing entries (0)...
[2018-12-22 04:07:19,680: INFO/Beat] Writing entries (0)...
[2018-12-22 04:10:24,555: INFO/Beat] Writing entries (0)...
[2018-12-22 04:13:29,402: INFO/Beat] Writing entries (0)...
[2018-12-22 04:16:34,262: INFO/Beat] Writing entries (0)...
[2018-12-22 04:19:39,133: INFO/Beat] Writing entries (0)...
[2018-12-22 04:22:43,998: INFO/Beat] Writing entries (0)...
[2018-12-22 04:25:48,873: INFO/Beat] Writing entries (0)...
[2018-12-22 04:28:53,730: INFO/Beat] Writing entries (0)...
[2018-12-22 04:31:58,587: INFO/Beat] Writing entries (0)...
[2018-12-22 04:35:03,458: INFO/Beat] Writing entries (0)...
[2018-12-22 04:38:08,318: INFO/Beat] Writing entries (0)...
[2018-12-22 04:41:13,183: INFO/Beat] Writing entries (0)...
[2018-12-22 04:44:18,045: INFO/Beat] Writing entries (0)...
[2018-12-22 04:47:22,900: INFO/Beat] Writing entries (0)...
[2018-12-22 04:50:27,770: INFO/Beat] Writing entries (0)...
[2018-12-22 04:53:32,649: INFO/Beat] Writing entries (0)...
[2018-12-22 04:56:37,514: INFO/Beat] Writing entries (0)...
[2018-12-22 04:59:42,393: INFO/Beat] Writing entries (0)...
[2018-12-22 05:02:47,259: INFO/Beat] Writing entries (0)...
[2018-12-22 05:05:52,137: INFO/Beat] Writing entries (0)...
[2018-12-22 05:08:56,990: INFO/Beat] Writing entries (0)...
[2018-12-22 05:12:01,839: INFO/Beat] Writing entries (0)...
[2018-12-22 05:15:06,706: INFO/Beat] Writing entries (0)...
[2018-12-22 05:18:11,575: INFO/Beat] Writing entries (0)...
[2018-12-22 05:21:16,447: INFO/Beat] Writing entries (0)...
[2018-12-22 05:24:21,313: INFO/Beat] Writing entries (0)...
[2018-12-22 05:27:26,167: INFO/Beat] Writing entries (0)...
[2018-12-22 05:30:31,033: INFO/Beat] Writing entries (0)...
[2018-12-22 05:33:35,914: INFO/Beat] Writing entries (0)...
[2018-12-22 05:36:40,770: INFO/Beat] Writing entries (0)...
[2018-12-22 05:39:45,626: INFO/Beat] Writing entries (0)...
[2018-12-22 05:42:50,498: INFO/Beat] Writing entries (0)...
[2018-12-22 05:45:55,352: INFO/Beat] Writing entries (0)...
[2018-12-22 05:49:00,208: INFO/Beat] Writing entries (0)...
[2018-12-22 05:52:05,063: INFO/Beat] Writing entries (0)...
[2018-12-22 05:55:09,924: INFO/Beat] Writing entries (0)...
[2018-12-22 05:58:14,791: INFO/Beat] Writing entries (0)...
[2018-12-22 06:01:19,662: INFO/Beat] Writing entries (0)...
[2018-12-22 06:04:24,540: INFO/Beat] Writing entries (0)...
[2018-12-22 06:07:29,403: INFO/Beat] Writing entries (0)...
[2018-12-22 06:10:34,267: INFO/Beat] Writing entries (0)...
[2018-12-22 06:13:39,146: INFO/Beat] Writing entries (0)...
[2018-12-22 06:16:44,015: INFO/Beat] Writing entries (0)...
[2018-12-22 06:19:48,875: INFO/Beat] Writing entries (0)...
[2018-12-22 06:22:53,742: INFO/Beat] Writing entries (0)...
[2018-12-22 06:25:58,603: INFO/Beat] Writing entries (0)...
[2018-12-22 06:29:03,475: INFO/Beat] Writing entries (0)...
[2018-12-22 06:32:08,342: INFO/Beat] Writing entries (0)...
[2018-12-22 06:35:13,216: INFO/Beat] Writing entries (0)...
[2018-12-22 06:38:18,089: INFO/Beat] Writing entries (0)...
[2018-12-22 06:41:22,964: INFO/Beat] Writing entries (0)...
[2018-12-22 06:44:27,819: INFO/Beat] Writing entries (0)...
[2018-12-22 06:47:32,692: INFO/Beat] Writing entries (0)...
[2018-12-22 06:50:37,559: INFO/Beat] Writing entries (0)...
[2018-12-22 06:53:42,445: INFO/Beat] Writing entries (0)...
[2018-12-22 06:56:47,316: INFO/Beat] Writing entries (0)...
[2018-12-22 06:59:52,187: INFO/Beat] Writing entries (0)...
[2018-12-22 07:02:57,070: INFO/Beat] Writing entries (0)...
[2018-12-22 07:06:01,936: INFO/Beat] Writing entries (0)...
[2018-12-22 07:09:06,802: INFO/Beat] Writing entries (0)...
[2018-12-22 07:12:11,674: INFO/Beat] Writing entries (0)...
[2018-12-22 07:15:16,549: INFO/Beat] Writing entries (0)...
[2018-12-22 07:18:21,420: INFO/Beat] Writing entries (0)...
[2018-12-22 07:21:26,284: INFO/Beat] Writing entries (0)...
[2018-12-22 07:24:31,149: INFO/Beat] Writing entries (0)...
[2018-12-22 07:27:36,021: INFO/Beat] Writing entries (0)...
[2018-12-22 07:30:40,864: INFO/Beat] Writing entries (0)...
[2018-12-22 07:33:45,738: INFO/Beat] Writing entries (0)...
[2018-12-22 07:36:50,594: INFO/Beat] Writing entries (0)...
[2018-12-22 07:39:55,465: INFO/Beat] Writing entries (0)...
[2018-12-22 07:43:00,342: INFO/Beat] Writing entries (0)...
[2018-12-22 07:46:05,209: INFO/Beat] Writing entries (0)...
[2018-12-22 07:49:10,079: INFO/Beat] Writing entries (0)...
[2018-12-22 07:52:14,943: INFO/Beat] Writing entries (0)...
[2018-12-22 07:55:19,810: INFO/Beat] Writing entries (0)...
[2018-12-22 07:58:24,668: INFO/Beat] Writing entries (0)...
[2018-12-22 08:01:29,520: INFO/Beat] Writing entries (0)...
[2018-12-22 08:04:34,384: INFO/Beat] Writing entries (0)...
[2018-12-22 08:07:39,246: INFO/Beat] Writing entries (0)...
[2018-12-22 08:10:44,109: INFO/Beat] Writing entries (0)...
[2018-12-22 08:13:48,987: INFO/Beat] Writing entries (0)...
[2018-12-22 08:16:53,848: INFO/Beat] Writing entries (0)...
[2018-12-22 08:19:58,713: INFO/Beat] Writing entries (0)...
[2018-12-22 08:23:03,580: INFO/Beat] Writing entries (0)...
[2018-12-22 08:26:08,458: INFO/Beat] Writing entries (0)...
[2018-12-22 08:29:13,321: INFO/Beat] Writing entries (0)...
[2018-12-22 08:32:18,181: INFO/Beat] Writing entries (0)...
[2018-12-22 08:35:23,036: INFO/Beat] Writing entries (0)...
[2018-12-22 08:38:27,898: INFO/Beat] Writing entries (0)...
[2018-12-22 08:41:32,763: INFO/Beat] Writing entries (0)...
[2018-12-22 08:44:37,632: INFO/Beat] Writing entries (0)...
[2018-12-22 08:47:42,481: INFO/Beat] Writing entries (0)...
[2018-12-22 08:50:47,333: INFO/Beat] Writing entries (0)...
[2018-12-22 08:53:52,206: INFO/Beat] Writing entries (0)...
[2018-12-22 08:56:57,076: INFO/Beat] Writing entries (0)...
[2018-12-22 09:00:01,954: INFO/Beat] Writing entries (0)...
[2018-12-22 09:03:06,818: INFO/Beat] Writing entries (0)...
[2018-12-22 09:06:11,668: INFO/Beat] Writing entries (0)...
[2018-12-22 09:09:16,524: INFO/Beat] Writing entries (0)...
[2018-12-22 09:12:21,379: INFO/Beat] Writing entries (0)...
[2018-12-22 09:15:26,257: INFO/Beat] Writing entries (0)...
[2018-12-22 09:18:31,136: INFO/Beat] Writing entries (0)...
[2018-12-22 09:21:36,007: INFO/Beat] Writing entries (0)...
[2018-12-22 09:24:40,880: INFO/Beat] Writing entries (0)...
[2018-12-22 09:27:45,740: INFO/Beat] Writing entries (0)...
[2018-12-22 09:30:50,623: INFO/Beat] Writing entries (0)...
[2018-12-22 09:33:55,502: INFO/Beat] Writing entries (0)...
[2018-12-22 09:37:00,382: INFO/Beat] Writing entries (0)...
[2018-12-22 09:40:05,247: INFO/Beat] Writing entries (0)...
[2018-12-22 09:43:10,121: INFO/Beat] Writing entries (0)...
[2018-12-22 09:46:14,986: INFO/Beat] Writing entries (0)...
[2018-12-22 09:49:19,851: INFO/Beat] Writing entries (0)...
[2018-12-22 09:52:24,712: INFO/Beat] Writing entries (0)...
[2018-12-22 09:55:29,572: INFO/Beat] Writing entries (0)...
[2018-12-22 09:58:34,439: INFO/Beat] Writing entries (0)...
[2018-12-22 10:01:39,307: INFO/Beat] Writing entries (0)...
[2018-12-22 10:04:44,185: INFO/Beat] Writing entries (0)...
[2018-12-22 10:07:49,064: INFO/Beat] Writing entries (0)...
[2018-12-22 10:10:53,928: INFO/Beat] Writing entries (0)...
[2018-12-22 10:13:58,794: INFO/Beat] Writing entries (0)...
[2018-12-22 10:17:03,668: INFO/Beat] Writing entries (0)...
[2018-12-22 10:20:08,529: INFO/Beat] Writing entries (0)...
[2018-12-22 10:23:13,396: INFO/Beat] Writing entries (0)...
[2018-12-22 10:26:18,263: INFO/Beat] Writing entries (0)...
[2018-12-22 10:29:23,120: INFO/Beat] Writing entries (0)...
[2018-12-22 10:32:27,984: INFO/Beat] Writing entries (0)...
[2018-12-22 10:35:32,846: INFO/Beat] Writing entries (0)...
[2018-12-22 10:38:37,707: INFO/Beat] Writing entries (0)...
[2018-12-22 10:41:42,577: INFO/Beat] Writing entries (0)...
[2018-12-22 10:44:47,437: INFO/Beat] Writing entries (0)...
[2018-12-22 10:47:52,319: INFO/Beat] Writing entries (0)...
[2018-12-22 10:50:57,189: INFO/Beat] Writing entries (0)...
[2018-12-22 10:54:02,041: INFO/Beat] Writing entries (0)...
[2018-12-22 10:57:06,921: INFO/Beat] Writing entries (0)...
[2018-12-22 11:00:11,788: INFO/Beat] Writing entries (0)...
[2018-12-22 11:03:16,661: INFO/Beat] Writing entries (0)...
[2018-12-22 11:06:21,540: INFO/Beat] Writing entries (0)...
[2018-12-22 11:09:26,414: INFO/Beat] Writing entries (0)...
[2018-12-22 11:12:31,275: INFO/Beat] Writing entries (0)...
[2018-12-22 11:15:36,148: INFO/Beat] Writing entries (0)...
[2018-12-22 11:18:41,030: INFO/Beat] Writing entries (0)...
[2018-12-22 11:21:45,909: INFO/Beat] Writing entries (0)...
[2018-12-22 11:24:50,772: INFO/Beat] Writing entries (0)...
[2018-12-22 11:27:55,640: INFO/Beat] Writing entries (0)...
[2018-12-22 11:31:00,510: INFO/Beat] Writing entries (0)...
[2018-12-22 11:34:05,369: INFO/Beat] Writing entries (0)...
[2018-12-22 11:37:10,222: INFO/Beat] Writing entries (0)...
[2018-12-22 11:40:15,082: INFO/Beat] Writing entries (0)...
[2018-12-22 11:43:19,958: INFO/Beat] Writing entries (0)...
[2018-12-22 11:46:24,816: INFO/Beat] Writing entries (0)...
[2018-12-22 11:49:29,679: INFO/Beat] Writing entries (0)...
[2018-12-22 11:52:34,551: INFO/Beat] Writing entries (0)...
[2018-12-22 11:55:39,412: INFO/Beat] Writing entries (0)...
[2018-12-22 11:58:44,283: INFO/Beat] Writing entries (0)...
[2018-12-22 12:01:49,155: INFO/Beat] Writing entries (0)...
[2018-12-22 12:04:54,022: INFO/Beat] Writing entries (0)...
[2018-12-22 12:07:58,893: INFO/Beat] Writing entries (0)...
[2018-12-22 12:11:03,755: INFO/Beat] Writing entries (0)...
[2018-12-22 12:14:08,617: INFO/Beat] Writing entries (0)...
[2018-12-22 12:17:13,491: INFO/Beat] Writing entries (0)...
[2018-12-22 12:20:18,343: INFO/Beat] Writing entries (0)...
[2018-12-22 12:23:23,215: INFO/Beat] Writing entries (0)...
[2018-12-22 12:26:28,088: INFO/Beat] Writing entries (0)...
[2018-12-22 12:29:32,963: INFO/Beat] Writing entries (0)...
[2018-12-22 12:32:37,841: INFO/Beat] Writing entries (0)...
[2018-12-22 12:35:42,708: INFO/Beat] Writing entries (0)...
[2018-12-22 12:38:47,580: INFO/Beat] Writing entries (0)...
[2018-12-22 12:41:52,458: INFO/Beat] Writing entries (0)...
[2018-12-22 12:44:57,321: INFO/Beat] Writing entries (0)...
[2018-12-22 12:48:02,188: INFO/Beat] Writing entries (0)...
[2018-12-22 12:51:07,040: INFO/Beat] Writing entries (0)...
[2018-12-22 12:54:11,899: INFO/Beat] Writing entries (0)...
[2018-12-22 12:57:16,763: INFO/Beat] Writing entries (0)...
[2018-12-22 13:00:21,640: INFO/Beat] Writing entries (0)...
[2018-12-22 13:03:26,511: INFO/Beat] Writing entries (0)...
[2018-12-22 13:06:31,379: INFO/Beat] Writing entries (0)...
[2018-12-22 13:09:36,242: INFO/Beat] Writing entries (0)...
[2018-12-22 13:12:41,100: INFO/Beat] Writing entries (0)...
[2018-12-22 13:15:45,958: INFO/Beat] Writing entries (0)...
[2018-12-22 13:18:50,822: INFO/Beat] Writing entries (0)...
[2018-12-22 13:21:55,683: INFO/Beat] Writing entries (0)...
[2018-12-22 13:25:00,562: INFO/Beat] Writing entries (0)...
[2018-12-22 13:28:05,421: INFO/Beat] Writing entries (0)...
[2018-12-22 13:31:10,285: INFO/Beat] Writing entries (0)...
[2018-12-22 13:34:15,142: INFO/Beat] Writing entries (0)...
[2018-12-22 13:37:19,996: INFO/Beat] Writing entries (0)...
[2018-12-22 13:40:24,867: INFO/Beat] Writing entries (0)...
[2018-12-22 13:43:29,744: INFO/Beat] Writing entries (0)...
[2018-12-22 13:46:34,614: INFO/Beat] Writing entries (0)...
[2018-12-22 13:49:39,484: INFO/Beat] Writing entries (0)...
[2018-12-22 13:52:44,338: INFO/Beat] Writing entries (0)...
[2018-12-22 13:55:49,202: INFO/Beat] Writing entries (0)...
[2018-12-22 13:58:54,066: INFO/Beat] Writing entries (0)...
[2018-12-22 14:01:58,929: INFO/Beat] Writing entries (0)...
[2018-12-22 14:05:03,788: INFO/Beat] Writing entries (0)...
[2018-12-22 14:08:08,631: INFO/Beat] Writing entries (0)...
[2018-12-22 14:11:13,487: INFO/Beat] Writing entries (0)...
[2018-12-22 14:14:18,346: INFO/Beat] Writing entries (0)...
[2018-12-22 14:17:23,219: INFO/Beat] Writing entries (0)...
[2018-12-22 14:20:28,082: INFO/Beat] Writing entries (0)...
[2018-12-22 14:23:32,970: INFO/Beat] Writing entries (0)...
[2018-12-22 14:26:37,852: INFO/Beat] Writing entries (0)...
[2018-12-22 14:29:42,729: INFO/Beat] Writing entries (0)...
[2018-12-22 14:32:47,605: INFO/Beat] Writing entries (0)...
[2018-12-22 14:35:52,480: INFO/Beat] Writing entries (0)...
[2018-12-22 14:38:57,345: INFO/Beat] Writing entries (0)...
[2018-12-22 14:42:02,208: INFO/Beat] Writing entries (0)...
[2018-12-22 14:45:07,077: INFO/Beat] Writing entries (0)...
[2018-12-22 14:48:11,947: INFO/Beat] Writing entries (0)...
[2018-12-22 14:51:16,798: INFO/Beat] Writing entries (0)...
[2018-12-22 14:54:21,665: INFO/Beat] Writing entries (0)...
[2018-12-22 14:57:26,535: INFO/Beat] Writing entries (0)...
[2018-12-22 15:00:31,405: INFO/Beat] Writing entries (0)...
[2018-12-22 15:03:36,267: INFO/Beat] Writing entries (0)...
[2018-12-22 15:06:41,137: INFO/Beat] Writing entries (0)...
[2018-12-22 15:09:45,998: INFO/Beat] Writing entries (0)...
[2018-12-22 15:12:50,860: INFO/Beat] Writing entries (0)...
[2018-12-22 15:15:55,724: INFO/Beat] Writing entries (0)...
[2018-12-22 15:19:00,585: INFO/Beat] Writing entries (0)...
[2018-12-22 15:22:05,438: INFO/Beat] Writing entries (0)...
[2018-12-22 15:25:10,309: INFO/Beat] Writing entries (0)...
[2018-12-22 15:28:15,188: INFO/Beat] Writing entries (0)...
[2018-12-22 15:31:20,048: INFO/Beat] Writing entries (0)...
[2018-12-22 15:34:24,909: INFO/Beat] Writing entries (0)...
[2018-12-22 15:37:29,763: INFO/Beat] Writing entries (0)...
[2018-12-22 15:40:34,635: INFO/Beat] Writing entries (0)...
[2018-12-22 15:43:39,520: INFO/Beat] Writing entries (0)...
[2018-12-22 15:46:44,388: INFO/Beat] Writing entries (0)...
[2018-12-22 15:49:49,260: INFO/Beat] Writing entries (0)...
[2018-12-22 15:52:54,120: INFO/Beat] Writing entries (0)...
[2018-12-22 15:55:58,996: INFO/Beat] Writing entries (0)...
[2018-12-22 15:59:03,849: INFO/Beat] Writing entries (0)...
[2018-12-22 16:02:08,711: INFO/Beat] Writing entries (0)...
[2018-12-22 16:05:13,562: INFO/Beat] Writing entries (0)...
[2018-12-22 16:08:18,425: INFO/Beat] Writing entries (0)...
[2018-12-22 16:11:23,273: INFO/Beat] Writing entries (0)...
[2018-12-22 16:14:28,138: INFO/Beat] Writing entries (0)...
[2018-12-22 16:17:33,003: INFO/Beat] Writing entries (0)...
[2018-12-22 16:20:37,861: INFO/Beat] Writing entries (0)...
[2018-12-22 16:23:42,732: INFO/Beat] Writing entries (0)...
[2018-12-22 16:26:47,592: INFO/Beat] Writing entries (0)...
[2018-12-22 16:29:52,472: INFO/Beat] Writing entries (0)...
[2018-12-22 16:32:57,334: INFO/Beat] Writing entries (0)...
[2018-12-22 16:36:02,204: INFO/Beat] Writing entries (0)...
[2018-12-22 16:39:07,072: INFO/Beat] Writing entries (0)...
[2018-12-22 16:42:11,948: INFO/Beat] Writing entries (0)...
[2018-12-22 16:45:16,794: INFO/Beat] Writing entries (0)...
[2018-12-22 16:48:21,671: INFO/Beat] Writing entries (0)...
[2018-12-22 16:51:26,543: INFO/Beat] Writing entries (0)...
[2018-12-22 16:54:31,415: INFO/Beat] Writing entries (0)...
[2018-12-22 16:57:36,279: INFO/Beat] Writing entries (0)...
[2018-12-22 17:00:41,161: INFO/Beat] Writing entries (0)...
[2018-12-22 17:03:46,036: INFO/Beat] Writing entries (0)...
[2018-12-22 17:06:50,891: INFO/Beat] Writing entries (0)...
[2018-12-22 17:09:55,764: INFO/Beat] Writing entries (0)...
[2018-12-22 17:13:00,644: INFO/Beat] Writing entries (0)...
[2018-12-22 17:16:05,511: INFO/Beat] Writing entries (0)...
[2018-12-22 17:19:10,377: INFO/Beat] Writing entries (0)...
[2018-12-22 17:22:15,229: INFO/Beat] Writing entries (0)...
[2018-12-22 17:25:20,101: INFO/Beat] Writing entries (0)...
[2018-12-22 17:28:24,973: INFO/Beat] Writing entries (0)...
[2018-12-22 17:31:29,825: INFO/Beat] Writing entries (0)...
[2018-12-22 17:34:34,683: INFO/Beat] Writing entries (0)...
[2018-12-22 17:37:39,550: INFO/Beat] Writing entries (0)...
[2018-12-22 17:40:44,425: INFO/Beat] Writing entries (0)...
[2018-12-22 17:43:49,297: INFO/Beat] Writing entries (0)...
[2018-12-22 17:46:54,165: INFO/Beat] Writing entries (0)...
[2018-12-22 17:49:59,044: INFO/Beat] Writing entries (0)...
[2018-12-22 17:53:03,916: INFO/Beat] Writing entries (0)...
[2018-12-22 17:56:08,797: INFO/Beat] Writing entries (0)...
[2018-12-22 17:59:13,654: INFO/Beat] Writing entries (0)...
[2018-12-22 18:02:18,530: INFO/Beat] Writing entries (0)...
[2018-12-22 18:05:23,401: INFO/Beat] Writing entries (0)...
[2018-12-22 18:08:28,259: INFO/Beat] Writing entries (0)...
[2018-12-22 18:11:33,137: INFO/Beat] Writing entries (0)...
[2018-12-22 18:14:38,002: INFO/Beat] Writing entries (0)...
[2018-12-22 18:17:42,878: INFO/Beat] Writing entries (0)...
[2018-12-22 18:20:47,744: INFO/Beat] Writing entries (0)...
[2018-12-22 18:23:52,623: INFO/Beat] Writing entries (0)...
[2018-12-22 18:26:57,506: INFO/Beat] Writing entries (0)...
[2018-12-22 18:30:02,380: INFO/Beat] Writing entries (0)...
[2018-12-22 18:33:07,239: INFO/Beat] Writing entries (0)...
[2018-12-22 18:36:12,114: INFO/Beat] Writing entries (0)...
[2018-12-22 18:39:16,974: INFO/Beat] Writing entries (0)...
[2018-12-22 18:42:21,829: INFO/Beat] Writing entries (0)...
[2018-12-22 18:45:26,690: INFO/Beat] Writing entries (0)...
[2018-12-22 18:48:31,555: INFO/Beat] Writing entries (0)...
[2018-12-22 18:51:36,407: INFO/Beat] Writing entries (0)...
[2018-12-22 18:54:41,260: INFO/Beat] Writing entries (0)...
[2018-12-22 18:57:46,119: INFO/Beat] Writing entries (0)...
[2018-12-22 19:00:50,993: INFO/Beat] Writing entries (0)...
[2018-12-22 19:03:55,866: INFO/Beat] Writing entries (0)...
[2018-12-22 19:07:00,734: INFO/Beat] Writing entries (0)...
[2018-12-22 19:10:05,602: INFO/Beat] Writing entries (0)...
[2018-12-22 19:13:10,470: INFO/Beat] Writing entries (0)...
[2018-12-22 19:16:15,326: INFO/Beat] Writing entries (0)...
[2018-12-22 19:19:20,190: INFO/Beat] Writing entries (0)...
[2018-12-22 19:22:25,057: INFO/Beat] Writing entries (0)...
[2018-12-22 19:25:29,923: INFO/Beat] Writing entries (0)...
[2018-12-22 19:28:34,797: INFO/Beat] Writing entries (0)...
[2018-12-22 19:31:39,654: INFO/Beat] Writing entries (0)...
[2018-12-22 19:34:44,528: INFO/Beat] Writing entries (0)...
[2018-12-22 19:37:49,400: INFO/Beat] Writing entries (0)...
[2018-12-22 19:40:54,273: INFO/Beat] Writing entries (0)...
[2018-12-22 19:43:59,151: INFO/Beat] Writing entries (0)...
[2018-12-22 19:47:04,031: INFO/Beat] Writing entries (0)...
[2018-12-22 19:50:08,905: INFO/Beat] Writing entries (0)...
[2018-12-22 19:53:13,780: INFO/Beat] Writing entries (0)...
[2018-12-22 19:56:18,650: INFO/Beat] Writing entries (0)...
[2018-12-22 19:59:23,530: INFO/Beat] Writing entries (0)...
[2018-12-22 20:02:28,404: INFO/Beat] Writing entries (0)...
[2018-12-22 20:05:33,267: INFO/Beat] Writing entries (0)...
[2018-12-22 20:08:38,133: INFO/Beat] Writing entries (0)...
[2018-12-22 20:11:42,993: INFO/Beat] Writing entries (0)...
[2018-12-22 20:14:47,861: INFO/Beat] Writing entries (0)...
[2018-12-22 20:17:52,720: INFO/Beat] Writing entries (0)...
[2018-12-22 20:20:57,601: INFO/Beat] Writing entries (0)...
[2018-12-22 20:24:02,460: INFO/Beat] Writing entries (0)...
[2018-12-22 20:27:07,316: INFO/Beat] Writing entries (0)...
[2018-12-22 20:30:12,191: INFO/Beat] Writing entries (0)...
[2018-12-22 20:33:17,060: INFO/Beat] Writing entries (0)...
[2018-12-22 20:36:21,932: INFO/Beat] Writing entries (0)...
[2018-12-22 20:39:26,803: INFO/Beat] Writing entries (0)...
[2018-12-22 20:42:31,659: INFO/Beat] Writing entries (0)...
[2018-12-22 20:45:36,519: INFO/Beat] Writing entries (0)...
[2018-12-22 20:48:41,382: INFO/Beat] Writing entries (0)...
[2018-12-22 20:51:46,241: INFO/Beat] Writing entries (0)...
[2018-12-22 20:54:51,104: INFO/Beat] Writing entries (0)...
[2018-12-22 20:57:55,980: INFO/Beat] Writing entries (0)...
[2018-12-22 21:01:00,844: INFO/Beat] Writing entries (0)...
[2018-12-22 21:04:05,712: INFO/Beat] Writing entries (0)...
[2018-12-22 21:07:10,571: INFO/Beat] Writing entries (0)...
[2018-12-22 21:10:15,450: INFO/Beat] Writing entries (0)...
[2018-12-22 21:13:20,325: INFO/Beat] Writing entries (0)...
[2018-12-22 21:16:25,199: INFO/Beat] Writing entries (0)...
[2018-12-22 21:19:30,065: INFO/Beat] Writing entries (0)...
[2018-12-22 21:22:34,941: INFO/Beat] Writing entries (0)...
[2018-12-22 21:25:39,806: INFO/Beat] Writing entries (0)...
[2018-12-22 21:28:44,669: INFO/Beat] Writing entries (0)...
[2018-12-22 21:31:49,539: INFO/Beat] Writing entries (0)...
[2018-12-22 21:34:54,417: INFO/Beat] Writing entries (0)...
[2018-12-22 21:37:59,273: INFO/Beat] Writing entries (0)...
[2018-12-22 21:41:04,136: INFO/Beat] Writing entries (0)...
[2018-12-22 21:44:09,002: INFO/Beat] Writing entries (0)...
[2018-12-22 21:47:13,877: INFO/Beat] Writing entries (0)...
[2018-12-22 21:50:18,744: INFO/Beat] Writing entries (0)...
[2018-12-22 21:53:23,609: INFO/Beat] Writing entries (0)...
[2018-12-22 21:56:28,488: INFO/Beat] Writing entries (0)...
[2018-12-22 21:59:33,357: INFO/Beat] Writing entries (0)...
[2018-12-22 22:02:38,235: INFO/Beat] Writing entries (0)...
[2018-12-22 22:05:43,110: INFO/Beat] Writing entries (0)...
[2018-12-22 22:08:47,972: INFO/Beat] Writing entries (0)...
[2018-12-22 22:11:52,832: INFO/Beat] Writing entries (0)...
[2018-12-22 22:14:57,708: INFO/Beat] Writing entries (0)...
[2018-12-22 22:18:02,587: INFO/Beat] Writing entries (0)...
[2018-12-22 22:21:07,461: INFO/Beat] Writing entries (0)...
[2018-12-22 22:24:12,338: INFO/Beat] Writing entries (0)...
[2018-12-22 22:27:17,195: INFO/Beat] Writing entries (0)...
[2018-12-22 22:30:22,069: INFO/Beat] Writing entries (0)...
[2018-12-22 22:33:26,952: INFO/Beat] Writing entries (0)...
[2018-12-22 22:36:31,829: INFO/Beat] Writing entries (0)...
[2018-12-22 22:39:36,698: INFO/Beat] Writing entries (0)...
[2018-12-22 22:42:41,562: INFO/Beat] Writing entries (0)...
[2018-12-22 22:45:46,436: INFO/Beat] Writing entries (0)...
[2018-12-22 22:48:51,307: INFO/Beat] Writing entries (0)...
[2018-12-22 22:51:56,173: INFO/Beat] Writing entries (0)...
[2018-12-22 22:55:01,053: INFO/Beat] Writing entries (0)...
[2018-12-22 22:58:05,916: INFO/Beat] Writing entries (0)...
[2018-12-22 23:01:10,792: INFO/Beat] Writing entries (0)...
[2018-12-22 23:04:15,665: INFO/Beat] Writing entries (0)...
[2018-12-22 23:07:20,527: INFO/Beat] Writing entries (0)...
[2018-12-22 23:10:25,401: INFO/Beat] Writing entries (0)...
[2018-12-22 23:13:30,269: INFO/Beat] Writing entries (0)...
[2018-12-22 23:16:35,131: INFO/Beat] Writing entries (0)...
[2018-12-22 23:19:40,007: INFO/Beat] Writing entries (0)...
[2018-12-22 23:22:44,889: INFO/Beat] Writing entries (0)...
[2018-12-22 23:25:49,762: INFO/Beat] Writing entries (0)...
[2018-12-22 23:28:54,629: INFO/Beat] Writing entries (0)...
[2018-12-22 23:31:59,499: INFO/Beat] Writing entries (0)...
[2018-12-22 23:35:04,366: INFO/Beat] Writing entries (0)...
[2018-12-22 23:38:09,241: INFO/Beat] Writing entries (0)...
[2018-12-22 23:41:14,109: INFO/Beat] Writing entries (0)...
[2018-12-22 23:44:18,974: INFO/Beat] Writing entries (0)...
[2018-12-22 23:47:23,853: INFO/Beat] Writing entries (0)...
[2018-12-22 23:50:28,723: INFO/Beat] Writing entries (0)...
[2018-12-22 23:53:33,592: INFO/Beat] Writing entries (0)...
[2018-12-22 23:56:38,448: INFO/Beat] Writing entries (0)...
[2018-12-22 23:59:43,302: INFO/Beat] Writing entries (0)...
[2018-12-23 00:02:48,149: INFO/Beat] Writing entries (0)...
[2018-12-23 00:05:53,020: INFO/Beat] Writing entries (0)...
[2018-12-23 00:08:57,878: INFO/Beat] Writing entries (0)...
[2018-12-23 00:12:02,745: INFO/Beat] Writing entries (0)...
[2018-12-23 00:15:07,606: INFO/Beat] Writing entries (0)...
[2018-12-23 00:18:12,470: INFO/Beat] Writing entries (0)...
[2018-12-23 00:21:17,331: INFO/Beat] Writing entries (0)...
[2018-12-23 00:24:22,193: INFO/Beat] Writing entries (0)...
[2018-12-23 00:27:27,061: INFO/Beat] Writing entries (0)...
[2018-12-23 00:30:00,000: INFO/Beat] Scheduler: Sending due task 每天的凌晨12:30分将redis数据导入mysql (wechat.tasks.redis_to_mysql)
[2018-12-23 00:30:00,003: INFO/MainProcess] Received task: wechat.tasks.redis_to_mysql[16116038-f2f0-4980-924c-821b31e5a1e0]
[2018-12-23 00:30:00,004: WARNING/Worker-2] 开始执行定时任务redis_to_mysql,12/23/2018 00:30:00 AM
[2018-12-23 00:30:00,006: INFO/MainProcess] Task wechat.tasks.redis_to_mysql[16116038-f2f0-4980-924c-821b31e5a1e0] succeeded in 0.0017739320173859596s: None
[2018-12-23 00:30:29,982: INFO/Beat] Writing entries (1)...
[2018-12-23 00:33:34,856: INFO/Beat] Writing entries (0)...
[2018-12-23 00:36:39,720: INFO/Beat] Writing entries (0)...
[2018-12-23 00:39:44,563: INFO/Beat] Writing entries (0)...
[2018-12-23 00:42:49,419: INFO/Beat] Writing entries (0)...
[2018-12-23 00:45:54,288: INFO/Beat] Writing entries (0)...
[2018-12-23 00:48:59,156: INFO/Beat] Writing entries (0)...
[2018-12-23 00:52:04,026: INFO/Beat] Writing entries (0)...
[2018-12-23 00:55:08,900: INFO/Beat] Writing entries (0)...
[2018-12-23 00:58:13,769: INFO/Beat] Writing entries (0)...
[2018-12-23 01:01:18,652: INFO/Beat] Writing entries (0)...
[2018-12-23 01:04:23,525: INFO/Beat] Writing entries (0)...
[2018-12-23 01:07:28,395: INFO/Beat] Writing entries (0)...
[2018-12-23 01:10:33,258: INFO/Beat] Writing entries (0)...
[2018-12-23 01:13:38,138: INFO/Beat] Writing entries (0)...
[2018-12-23 01:16:42,994: INFO/Beat] Writing entries (0)...
[2018-12-23 01:19:47,866: INFO/Beat] Writing entries (0)...
[2018-12-23 01:22:52,722: INFO/Beat] Writing entries (0)...
[2018-12-23 01:25:57,598: INFO/Beat] Writing entries (0)...
[2018-12-23 01:29:02,474: INFO/Beat] Writing entries (0)...
[2018-12-23 01:32:07,337: INFO/Beat] Writing entries (0)...
[2018-12-23 01:35:12,211: INFO/Beat] Writing entries (0)...
[2018-12-23 01:38:17,073: INFO/Beat] Writing entries (0)...
[2018-12-23 01:41:21,938: INFO/Beat] Writing entries (0)...
[2018-12-23 01:44:26,786: INFO/Beat] Writing entries (0)...
[2018-12-23 01:47:31,650: INFO/Beat] Writing entries (0)...
[2018-12-23 01:50:36,502: INFO/Beat] Writing entries (0)...
[2018-12-23 01:53:41,362: INFO/Beat] Writing entries (0)...
[2018-12-23 01:56:46,234: INFO/Beat] Writing entries (0)...
[2018-12-23 01:59:51,109: INFO/Beat] Writing entries (0)...
[2018-12-23 02:02:55,969: INFO/Beat] Writing entries (0)...
[2018-12-23 02:06:00,826: INFO/Beat] Writing entries (0)...
[2018-12-23 02:09:05,696: INFO/Beat] Writing entries (0)...
[2018-12-23 02:12:10,558: INFO/Beat] Writing entries (0)...
[2018-12-23 02:15:15,426: INFO/Beat] Writing entries (0)...
[2018-12-23 02:18:20,271: INFO/Beat] Writing entries (0)...
[2018-12-23 02:21:25,137: INFO/Beat] Writing entries (0)...
[2018-12-23 02:24:30,000: INFO/Beat] Writing entries (0)...
[2018-12-23 02:27:34,864: INFO/Beat] Writing entries (0)...
[2018-12-23 02:30:39,729: INFO/Beat] Writing entries (0)...
[2018-12-23 02:33:44,602: INFO/Beat] Writing entries (0)...
[2018-12-23 02:36:49,469: INFO/Beat] Writing entries (0)...
[2018-12-23 02:39:54,340: INFO/Beat] Writing entries (0)...
[2018-12-23 02:42:59,210: INFO/Beat] Writing entries (0)...
[2018-12-23 02:46:04,083: INFO/Beat] Writing entries (0)...
[2018-12-23 02:49:08,951: INFO/Beat] Writing entries (0)...
[2018-12-23 02:52:13,816: INFO/Beat] Writing entries (0)...
[2018-12-23 02:55:18,672: INFO/Beat] Writing entries (0)...
[2018-12-23 02:58:23,537: INFO/Beat] Writing entries (0)...
[2018-12-23 03:01:28,395: INFO/Beat] Writing entries (0)...
[2018-12-23 03:04:33,268: INFO/Beat] Writing entries (0)...
[2018-12-23 03:07:38,134: INFO/Beat] Writing entries (0)...
[2018-12-23 03:10:42,986: INFO/Beat] Writing entries (0)...
[2018-12-23 03:13:47,863: INFO/Beat] Writing entries (0)...
[2018-12-23 03:16:52,727: INFO/Beat] Writing entries (0)...
[2018-12-23 03:19:57,600: INFO/Beat] Writing entries (0)...
[2018-12-23 03:23:02,469: INFO/Beat] Writing entries (0)...
[2018-12-23 03:26:07,323: INFO/Beat] Writing entries (0)...
[2018-12-23 03:29:12,200: INFO/Beat] Writing entries (0)...
[2018-12-23 03:32:17,076: INFO/Beat] Writing entries (0)...
[2018-12-23 03:35:21,948: INFO/Beat] Writing entries (0)...
[2018-12-23 03:38:26,829: INFO/Beat] Writing entries (0)...
[2018-12-23 03:41:31,696: INFO/Beat] Writing entries (0)...
[2018-12-23 03:44:36,571: INFO/Beat] Writing entries (0)...
[2018-12-23 03:47:41,415: INFO/Beat] Writing entries (0)...
[2018-12-23 03:50:46,294: INFO/Beat] Writing entries (0)...
[2018-12-23 03:53:51,148: INFO/Beat] Writing entries (0)...
[2018-12-23 03:56:56,012: INFO/Beat] Writing entries (0)...
[2018-12-23 03:59:59,994: INFO/Beat] Writing entries (0)...
[2018-12-23 04:00:00,000: INFO/Beat] Scheduler: Sending due task celery.backend_cleanup (celery.backend_cleanup)
[2018-12-23 04:00:00,003: INFO/MainProcess] Received task: celery.backend_cleanup[8c9dd581-4a5b-4380-9a0e-ae78ae7e07e3]
[2018-12-23 04:00:00,005: INFO/MainProcess] Task celery.backend_cleanup[8c9dd581-4a5b-4380-9a0e-ae78ae7e07e3] succeeded in 0.0012008189223706722s: None
[2018-12-23 04:03:04,871: INFO/Beat] Writing entries (1)...
[2018-12-23 04:06:09,780: INFO/Beat] Writing entries (0)...
[2018-12-23 04:09:14,647: INFO/Beat] Writing entries (0)...
[2018-12-23 04:12:19,509: INFO/Beat] Writing entries (0)...
[2018-12-23 04:15:24,366: INFO/Beat] Writing entries (0)...
[2018-12-23 04:18:29,234: INFO/Beat] Writing entries (0)...
[2018-12-23 04:21:34,093: INFO/Beat] Writing entries (0)...
[2018-12-23 04:24:38,959: INFO/Beat] Writing entries (0)...
[2018-12-23 04:27:43,820: INFO/Beat] Writing entries (0)...
[2018-12-23 04:30:48,689: INFO/Beat] Writing entries (0)...
[2018-12-23 04:33:53,544: INFO/Beat] Writing entries (0)...
[2018-12-23 04:36:58,413: INFO/Beat] Writing entries (0)...
[2018-12-23 04:40:03,267: INFO/Beat] Writing entries (0)...
[2018-12-23 04:43:08,131: INFO/Beat] Writing entries (0)...
[2018-12-23 04:46:12,994: INFO/Beat] Writing entries (0)...
[2018-12-23 04:49:17,862: INFO/Beat] Writing entries (0)...
[2018-12-23 04:52:22,704: INFO/Beat] Writing entries (0)...
[2018-12-23 04:55:27,573: INFO/Beat] Writing entries (0)...
[2018-12-23 04:58:32,438: INFO/Beat] Writing entries (0)...
[2018-12-23 05:01:37,310: INFO/Beat] Writing entries (0)...
[2018-12-23 05:04:42,163: INFO/Beat] Writing entries (0)...
[2018-12-23 05:07:47,024: INFO/Beat] Writing entries (0)...
[2018-12-23 05:10:51,886: INFO/Beat] Writing entries (0)...
[2018-12-23 05:13:56,743: INFO/Beat] Writing entries (0)...
[2018-12-23 05:17:01,599: INFO/Beat] Writing entries (0)...
[2018-12-23 05:20:06,459: INFO/Beat] Writing entries (0)...
[2018-12-23 05:23:11,315: INFO/Beat] Writing entries (0)...
[2018-12-23 05:26:16,171: INFO/Beat] Writing entries (0)...
[2018-12-23 05:29:21,020: INFO/Beat] Writing entries (0)...
[2018-12-23 05:32:25,858: INFO/Beat] Writing entries (0)...
[2018-12-23 05:35:30,710: INFO/Beat] Writing entries (0)...
[2018-12-23 05:38:35,568: INFO/Beat] Writing entries (0)...
[2018-12-23 05:41:40,434: INFO/Beat] Writing entries (0)...
[2018-12-23 05:44:45,282: INFO/Beat] Writing entries (0)...
[2018-12-23 05:47:50,141: INFO/Beat] Writing entries (0)...
[2018-12-23 05:50:55,012: INFO/Beat] Writing entries (0)...
[2018-12-23 05:53:59,863: INFO/Beat] Writing entries (0)...
[2018-12-23 05:57:04,730: INFO/Beat] Writing entries (0)...
[2018-12-23 06:00:09,591: INFO/Beat] Writing entries (0)...
[2018-12-23 06:03:14,449: INFO/Beat] Writing entries (0)...
[2018-12-23 06:06:19,321: INFO/Beat] Writing entries (0)...
[2018-12-23 06:09:24,174: INFO/Beat] Writing entries (0)...
[2018-12-23 06:12:29,043: INFO/Beat] Writing entries (0)...
[2018-12-23 06:15:33,887: INFO/Beat] Writing entries (0)...
[2018-12-23 06:18:38,737: INFO/Beat] Writing entries (0)...
[2018-12-23 06:21:43,606: INFO/Beat] Writing entries (0)...
[2018-12-23 06:24:48,473: INFO/Beat] Writing entries (0)...
[2018-12-23 06:27:53,321: INFO/Beat] Writing entries (0)...
[2018-12-23 06:30:58,188: INFO/Beat] Writing entries (0)...
[2018-12-23 06:34:03,053: INFO/Beat] Writing entries (0)...
[2018-12-23 06:37:07,904: INFO/Beat] Writing entries (0)...
[2018-12-23 06:40:12,760: INFO/Beat] Writing entries (0)...
[2018-12-23 06:43:17,624: INFO/Beat] Writing entries (0)...
[2018-12-23 06:46:22,483: INFO/Beat] Writing entries (0)...
[2018-12-23 06:49:27,329: INFO/Beat] Writing entries (0)...
[2018-12-23 06:52:32,174: INFO/Beat] Writing entries (0)...
[2018-12-23 06:55:37,052: INFO/Beat] Writing entries (0)...
[2018-12-23 06:58:41,908: INFO/Beat] Writing entries (0)...
[2018-12-23 07:01:46,766: INFO/Beat] Writing entries (0)...
[2018-12-23 07:04:51,636: INFO/Beat] Writing entries (0)...
[2018-12-23 07:07:56,496: INFO/Beat] Writing entries (0)...
[2018-12-23 07:11:01,363: INFO/Beat] Writing entries (0)...
[2018-12-23 07:14:06,216: INFO/Beat] Writing entries (0)...
[2018-12-23 07:17:11,083: INFO/Beat] Writing entries (0)...
[2018-12-23 07:20:15,939: INFO/Beat] Writing entries (0)...
[2018-12-23 07:23:20,792: INFO/Beat] Writing entries (0)...
[2018-12-23 07:26:25,660: INFO/Beat] Writing entries (0)...
[2018-12-23 07:29:30,515: INFO/Beat] Writing entries (0)...
[2018-12-23 07:32:35,369: INFO/Beat] Writing entries (0)...
[2018-12-23 07:35:40,245: INFO/Beat] Writing entries (0)...
[2018-12-23 07:38:45,094: INFO/Beat] Writing entries (0)...
[2018-12-23 07:41:49,948: INFO/Beat] Writing entries (0)...
[2018-12-23 07:44:54,809: INFO/Beat] Writing entries (0)...
[2018-12-23 07:47:59,676: INFO/Beat] Writing entries (0)...
[2018-12-23 07:51:04,537: INFO/Beat] Writing entries (0)...
[2018-12-23 07:54:09,391: INFO/Beat] Writing entries (0)...
[2018-12-23 07:57:14,236: INFO/Beat] Writing entries (0)...
[2018-12-23 08:00:19,115: INFO/Beat] Writing entries (0)...
[2018-12-23 08:03:23,977: INFO/Beat] Writing entries (0)...
[2018-12-23 08:06:28,847: INFO/Beat] Writing entries (0)...
[2018-12-23 08:09:33,704: INFO/Beat] Writing entries (0)...
[2018-12-23 08:12:38,571: INFO/Beat] Writing entries (0)...
[2018-12-23 08:15:43,430: INFO/Beat] Writing entries (0)...
[2018-12-23 08:18:48,286: INFO/Beat] Writing entries (0)...
[2018-12-23 08:21:53,152: INFO/Beat] Writing entries (0)...
[2018-12-23 08:24:58,022: INFO/Beat] Writing entries (0)...
[2018-12-23 08:28:02,882: INFO/Beat] Writing entries (0)...
[2018-12-23 08:31:07,747: INFO/Beat] Writing entries (0)...
[2018-12-23 08:34:12,615: INFO/Beat] Writing entries (0)...
[2018-12-23 08:37:17,476: INFO/Beat] Writing entries (0)...
[2018-12-23 08:40:22,344: INFO/Beat] Writing entries (0)...
[2018-12-23 08:43:27,221: INFO/Beat] Writing entries (0)...
[2018-12-23 08:46:32,069: INFO/Beat] Writing entries (0)...
[2018-12-23 08:49:36,932: INFO/Beat] Writing entries (0)...
[2018-12-23 08:52:41,791: INFO/Beat] Writing entries (0)...
[2018-12-23 08:55:46,652: INFO/Beat] Writing entries (0)...
[2018-12-23 08:58:51,521: INFO/Beat] Writing entries (0)...
[2018-12-23 09:01:56,380: INFO/Beat] Writing entries (0)...
[2018-12-23 09:05:01,231: INFO/Beat] Writing entries (0)...
[2018-12-23 09:08:06,084: INFO/Beat] Writing entries (0)...
[2018-12-23 09:11:10,959: INFO/Beat] Writing entries (0)...
[2018-12-23 09:14:15,838: INFO/Beat] Writing entries (0)...
[2018-12-23 09:17:20,708: INFO/Beat] Writing entries (0)...
[2018-12-23 09:20:25,570: INFO/Beat] Writing entries (0)...
[2018-12-23 09:23:30,429: INFO/Beat] Writing entries (0)...
[2018-12-23 09:26:35,287: INFO/Beat] Writing entries (0)...
[2018-12-23 09:29:40,162: INFO/Beat] Writing entries (0)...
[2018-12-23 09:32:45,020: INFO/Beat] Writing entries (0)...
[2018-12-23 09:35:49,889: INFO/Beat] Writing entries (0)...
[2018-12-23 09:38:54,751: INFO/Beat] Writing entries (0)...
[2018-12-23 09:41:59,609: INFO/Beat] Writing entries (0)...
[2018-12-23 09:45:04,494: INFO/Beat] Writing entries (0)...
[2018-12-23 09:48:09,354: INFO/Beat] Writing entries (0)...
[2018-12-23 09:51:14,219: INFO/Beat] Writing entries (0)...
[2018-12-23 09:54:19,082: INFO/Beat] Writing entries (0)...
[2018-12-23 09:57:23,947: INFO/Beat] Writing entries (0)...
[2018-12-23 10:00:28,815: INFO/Beat] Writing entries (0)...
[2018-12-23 10:03:33,677: INFO/Beat] Writing entries (0)...
[2018-12-23 10:06:38,540: INFO/Beat] Writing entries (0)...
[2018-12-23 10:09:43,399: INFO/Beat] Writing entries (0)...
[2018-12-23 10:12:48,245: INFO/Beat] Writing entries (0)...
[2018-12-23 10:15:53,102: INFO/Beat] Writing entries (0)...
[2018-12-23 10:18:57,966: INFO/Beat] Writing entries (0)...
[2018-12-23 10:22:02,833: INFO/Beat] Writing entries (0)...
[2018-12-23 10:25:07,697: INFO/Beat] Writing entries (0)...
[2018-12-23 10:28:12,571: INFO/Beat] Writing entries (0)...
[2018-12-23 10:31:17,422: INFO/Beat] Writing entries (0)...
[2018-12-23 10:34:22,283: INFO/Beat] Writing entries (0)...
[2018-12-23 10:37:27,139: INFO/Beat] Writing entries (0)...
[2018-12-23 10:40:32,015: INFO/Beat] Writing entries (0)...
[2018-12-23 10:43:36,873: INFO/Beat] Writing entries (0)...
[2018-12-23 10:46:41,737: INFO/Beat] Writing entries (0)...
[2018-12-23 10:49:46,591: INFO/Beat] Writing entries (0)...
[2018-12-23 10:52:51,449: INFO/Beat] Writing entries (0)...
[2018-12-23 10:55:56,319: INFO/Beat] Writing entries (0)...
[2018-12-23 10:59:01,167: INFO/Beat] Writing entries (0)...
[2018-12-23 11:02:06,030: INFO/Beat] Writing entries (0)...
[2018-12-23 11:05:10,888: INFO/Beat] Writing entries (0)...
[2018-12-23 11:08:15,754: INFO/Beat] Writing entries (0)...
[2018-12-23 11:11:20,614: INFO/Beat] Writing entries (0)...
[2018-12-23 11:14:25,481: INFO/Beat] Writing entries (0)...
[2018-12-23 11:17:30,342: INFO/Beat] Writing entries (0)...
[2018-12-23 11:20:35,200: INFO/Beat] Writing entries (0)...
[2018-12-23 11:23:40,051: INFO/Beat] Writing entries (0)...
[2018-12-23 11:26:44,921: INFO/Beat] Writing entries (0)...
[2018-12-23 11:29:49,761: INFO/Beat] Writing entries (0)...
[2018-12-23 11:32:54,620: INFO/Beat] Writing entries (0)...
[2018-12-23 11:35:59,488: INFO/Beat] Writing entries (0)...
[2018-12-23 11:39:04,344: INFO/Beat] Writing entries (0)...
[2018-12-23 11:42:09,218: INFO/Beat] Writing entries (0)...
[2018-12-23 11:45:14,072: INFO/Beat] Writing entries (0)...
[2018-12-23 11:48:18,932: INFO/Beat] Writing entries (0)...
[2018-12-23 11:51:23,796: INFO/Beat] Writing entries (0)...
[2018-12-23 11:54:28,645: INFO/Beat] Writing entries (0)...
[2018-12-23 11:57:33,512: INFO/Beat] Writing entries (0)...
[2018-12-23 12:00:38,364: INFO/Beat] Writing entries (0)...
[2018-12-23 12:03:43,219: INFO/Beat] Writing entries (0)...
[2018-12-23 12:06:48,085: INFO/Beat] Writing entries (0)...
[2018-12-23 12:09:52,942: INFO/Beat] Writing entries (0)...
[2018-12-23 12:12:57,799: INFO/Beat] Writing entries (0)...
[2018-12-23 12:16:02,658: INFO/Beat] Writing entries (0)...
[2018-12-23 12:19:07,515: INFO/Beat] Writing entries (0)...
[2018-12-23 12:22:12,377: INFO/Beat] Writing entries (0)...
[2018-12-23 12:25:17,245: INFO/Beat] Writing entries (0)...
[2018-12-23 12:28:22,101: INFO/Beat] Writing entries (0)...
[2018-12-23 12:31:26,969: INFO/Beat] Writing entries (0)...
[2018-12-23 12:34:31,845: INFO/Beat] Writing entries (0)...
[2018-12-23 12:37:36,709: INFO/Beat] Writing entries (0)...
[2018-12-23 12:40:41,577: INFO/Beat] Writing entries (0)...
[2018-12-23 12:43:46,436: INFO/Beat] Writing entries (0)...
[2018-12-23 12:46:51,275: INFO/Beat] Writing entries (0)...
[2018-12-23 12:49:56,128: INFO/Beat] Writing entries (0)...
[2018-12-23 12:53:00,988: INFO/Beat] Writing entries (0)...
[2018-12-23 12:56:05,851: INFO/Beat] Writing entries (0)...
[2018-12-23 12:59:10,716: INFO/Beat] Writing entries (0)...
[2018-12-23 13:02:15,570: INFO/Beat] Writing entries (0)...
[2018-12-23 13:05:20,444: INFO/Beat] Writing entries (0)...
[2018-12-23 13:08:25,292: INFO/Beat] Writing entries (0)...
[2018-12-23 13:11:30,165: INFO/Beat] Writing entries (0)...
[2018-12-23 13:14:35,030: INFO/Beat] Writing entries (0)...
[2018-12-23 13:17:39,890: INFO/Beat] Writing entries (0)...
[2018-12-23 13:20:44,765: INFO/Beat] Writing entries (0)...
[2018-12-23 13:23:49,638: INFO/Beat] Writing entries (0)...
[2018-12-23 13:26:54,480: INFO/Beat] Writing entries (0)...
[2018-12-23 13:29:59,354: INFO/Beat] Writing entries (0)...
[2018-12-23 13:33:04,216: INFO/Beat] Writing entries (0)...
[2018-12-23 13:36:09,071: INFO/Beat] Writing entries (0)...
[2018-12-23 13:39:13,936: INFO/Beat] Writing entries (0)...
[2018-12-23 13:42:18,787: INFO/Beat] Writing entries (0)...
[2018-12-23 13:45:23,659: INFO/Beat] Writing entries (0)...
[2018-12-23 13:48:28,529: INFO/Beat] Writing entries (0)...
[2018-12-23 13:51:33,404: INFO/Beat] Writing entries (0)...
[2018-12-23 13:54:38,280: INFO/Beat] Writing entries (0)...
[2018-12-23 13:57:43,132: INFO/Beat] Writing entries (0)...
[2018-12-23 14:00:48,003: INFO/Beat] Writing entries (0)...
[2018-12-23 14:03:52,875: INFO/Beat] Writing entries (0)...
[2018-12-23 14:06:57,731: INFO/Beat] Writing entries (0)...
[2018-12-23 14:10:02,596: INFO/Beat] Writing entries (0)...
[2018-12-23 14:13:07,464: INFO/Beat] Writing entries (0)...
[2018-12-23 14:16:12,315: INFO/Beat] Writing entries (0)...
[2018-12-23 14:19:17,165: INFO/Beat] Writing entries (0)...
[2018-12-23 14:22:22,012: INFO/Beat] Writing entries (0)...
[2018-12-23 14:25:26,870: INFO/Beat] Writing entries (0)...
[2018-12-23 14:28:31,733: INFO/Beat] Writing entries (0)...
[2018-12-23 14:31:36,607: INFO/Beat] Writing entries (0)...
[2018-12-23 14:34:41,460: INFO/Beat] Writing entries (0)...
[2018-12-23 14:37:46,332: INFO/Beat] Writing entries (0)...
[2018-12-23 14:40:51,193: INFO/Beat] Writing entries (0)...
[2018-12-23 14:43:56,062: INFO/Beat] Writing entries (0)...
[2018-12-23 14:47:00,929: INFO/Beat] Writing entries (0)...
[2018-12-23 14:50:05,794: INFO/Beat] Writing entries (0)...
[2018-12-23 14:53:10,659: INFO/Beat] Writing entries (0)...
[2018-12-23 14:56:15,526: INFO/Beat] Writing entries (0)...
[2018-12-23 14:59:20,373: INFO/Beat] Writing entries (0)...
[2018-12-23 15:02:25,210: INFO/Beat] Writing entries (0)...
[2018-12-23 15:05:30,073: INFO/Beat] Writing entries (0)...
[2018-12-23 15:08:34,954: INFO/Beat] Writing entries (0)...
[2018-12-23 15:11:39,790: INFO/Beat] Writing entries (0)...
[2018-12-23 15:14:44,649: INFO/Beat] Writing entries (0)...
[2018-12-23 15:17:49,510: INFO/Beat] Writing entries (0)...
[2018-12-23 15:20:54,362: INFO/Beat] Writing entries (0)...
[2018-12-23 15:23:59,221: INFO/Beat] Writing entries (0)...
[2018-12-23 15:27:04,078: INFO/Beat] Writing entries (0)...
[2018-12-23 15:30:08,939: INFO/Beat] Writing entries (0)...
[2018-12-23 15:33:13,794: INFO/Beat] Writing entries (0)...
[2018-12-23 15:36:18,638: INFO/Beat] Writing entries (0)...
[2018-12-23 15:39:23,493: INFO/Beat] Writing entries (0)...
[2018-12-23 15:42:28,341: INFO/Beat] Writing entries (0)...
[2018-12-23 15:45:33,217: INFO/Beat] Writing entries (0)...
[2018-12-23 15:48:38,079: INFO/Beat] Writing entries (0)...
[2018-12-23 15:51:42,949: INFO/Beat] Writing entries (0)...
[2018-12-23 15:54:47,814: INFO/Beat] Writing entries (0)...
[2018-12-23 15:57:52,666: INFO/Beat] Writing entries (0)...
[2018-12-23 16:00:57,530: INFO/Beat] Writing entries (0)...
[2018-12-23 16:04:02,394: INFO/Beat] Writing entries (0)...
[2018-12-23 16:07:07,248: INFO/Beat] Writing entries (0)...
[2018-12-23 16:10:12,110: INFO/Beat] Writing entries (0)...
[2018-12-23 16:13:16,967: INFO/Beat] Writing entries (0)...
[2018-12-23 16:16:21,825: INFO/Beat] Writing entries (0)...
[2018-12-23 16:19:26,683: INFO/Beat] Writing entries (0)...
[2018-12-23 16:22:31,525: INFO/Beat] Writing entries (0)...
[2018-12-23 16:26:04,001: INFO/Beat] beat: Starting...
[2018-12-23 16:26:04,003: INFO/Beat] Writing entries (0)...
[2018-12-23 16:26:04,023: INFO/MainProcess] Connected to redis://:**@127.0.0.1:6379/6
[2018-12-23 16:26:04,045: INFO/MainProcess] mingle: searching for neighbors
[2018-12-23 16:26:04,086: INFO/Beat] DatabaseScheduler: Schedule changed.
[2018-12-23 16:26:04,087: INFO/Beat] Writing entries (0)...
[2018-12-23 16:26:05,051: INFO/MainProcess] mingle: all alone
[2018-12-23 16:26:05,059: WARNING/MainProcess] celery@izwz9gl0bn6r7i8bieb9vfz ready.
[2018-12-23 16:26:09,117: INFO/Beat] Writing entries (0)...
[2018-12-23 16:29:13,968: INFO/Beat] Writing entries (0)...
[2018-12-23 16:32:18,826: INFO/Beat] Writing entries (0)...
[2018-12-23 16:35:23,697: INFO/Beat] Writing entries (0)...
[2018-12-23 16:38:28,551: INFO/Beat] Writing entries (0)...
[2018-12-23 16:41:33,419: INFO/Beat] Writing entries (0)...
[2018-12-23 16:44:38,293: INFO/Beat] Writing entries (0)...
[2018-12-23 16:47:08,120: INFO/Beat] Writing entries (0)...
[2018-12-23 16:47:08,129: INFO/Beat] Writing entries (0)...

Restarting celery worker (manage.py celery worker -B -l info)
[2018-12-23 16:47:08,133: INFO/MainProcess] beat: Shutting down...
[2018-12-23 16:47:08,720: INFO/Beat] beat: Starting...
[2018-12-23 16:47:08,722: INFO/Beat] Writing entries (0)...
[2018-12-23 16:47:08,787: INFO/MainProcess] Connected to redis://:**@127.0.0.1:6379/6
[2018-12-23 16:47:08,799: INFO/MainProcess] mingle: searching for neighbors
[2018-12-23 16:47:08,818: INFO/Beat] DatabaseScheduler: Schedule changed.
[2018-12-23 16:47:08,818: INFO/Beat] Writing entries (0)...
[2018-12-23 16:47:09,808: INFO/MainProcess] mingle: all alone
[2018-12-23 16:47:09,815: WARNING/MainProcess] celery@izwz9gl0bn6r7i8bieb9vfz ready.
[2018-12-23 16:47:13,847: INFO/Beat] Writing entries (0)...
[2018-12-23 16:50:18,709: INFO/Beat] Writing entries (0)...
[2018-12-23 16:53:23,573: INFO/Beat] Writing entries (0)...
[2018-12-23 16:56:28,444: INFO/Beat] Writing entries (0)...
[2018-12-23 16:59:33,313: INFO/Beat] Writing entries (0)...
[2018-12-23 17:02:38,181: INFO/Beat] Writing entries (0)...
[2018-12-23 17:05:43,055: INFO/Beat] Writing entries (0)...
[2018-12-23 17:08:47,921: INFO/Beat] Writing entries (0)...
[2018-12-23 17:11:52,775: INFO/Beat] Writing entries (0)...
[2018-12-23 17:14:57,640: INFO/Beat] Writing entries (0)...
[2018-12-23 17:18:02,492: INFO/Beat] Writing entries (0)...
[2018-12-23 17:21:07,362: INFO/Beat] Writing entries (0)...
[2018-12-23 17:24:12,222: INFO/Beat] Writing entries (0)...
[2018-12-23 17:27:17,093: INFO/Beat] Writing entries (0)...
[2018-12-23 17:30:21,958: INFO/Beat] Writing entries (0)...
[2018-12-23 17:33:26,817: INFO/Beat] Writing entries (0)...
[2018-12-23 17:36:31,675: INFO/Beat] Writing entries (0)...
[2018-12-23 17:39:36,546: INFO/Beat] Writing entries (0)...
[2018-12-23 17:42:41,424: INFO/Beat] Writing entries (0)...
[2018-12-23 17:45:46,290: INFO/Beat] Writing entries (0)...
[2018-12-23 17:48:51,158: INFO/Beat] Writing entries (0)...
[2018-12-23 17:51:56,017: INFO/Beat] Writing entries (0)...
[2018-12-23 17:55:00,882: INFO/Beat] Writing entries (0)...
[2018-12-23 17:58:05,743: INFO/Beat] Writing entries (0)...
[2018-12-23 18:01:10,589: INFO/Beat] Writing entries (0)...
[2018-12-23 18:04:15,443: INFO/Beat] Writing entries (0)...
[2018-12-23 18:07:20,283: INFO/Beat] Writing entries (0)...
[2018-12-23 18:10:25,133: INFO/Beat] Writing entries (0)...
[2018-12-23 18:13:29,993: INFO/Beat] Writing entries (0)...
[2018-12-23 18:16:34,856: INFO/Beat] Writing entries (0)...
[2018-12-23 18:19:39,707: INFO/Beat] Writing entries (0)...
[2018-12-23 18:22:44,580: INFO/Beat] Writing entries (0)...
[2018-12-23 18:25:49,446: INFO/Beat] Writing entries (0)...
[2018-12-23 18:28:54,308: INFO/Beat] Writing entries (0)...
[2018-12-23 18:31:59,175: INFO/Beat] Writing entries (0)...
[2018-12-23 18:35:04,043: INFO/Beat] Writing entries (0)...
[2018-12-23 18:38:08,918: INFO/Beat] Writing entries (0)...
[2018-12-23 18:41:13,766: INFO/Beat] Writing entries (0)...
[2018-12-23 18:44:18,628: INFO/Beat] Writing entries (0)...
[2018-12-23 18:47:23,515: INFO/Beat] Writing entries (0)...
[2018-12-23 18:50:28,385: INFO/Beat] Writing entries (0)...
[2018-12-23 18:53:33,249: INFO/Beat] Writing entries (0)...
[2018-12-23 18:56:38,116: INFO/Beat] Writing entries (0)...
[2018-12-23 18:59:42,990: INFO/Beat] Writing entries (0)...
[2018-12-23 19:02:47,858: INFO/Beat] Writing entries (0)...
[2018-12-23 19:05:52,728: INFO/Beat] Writing entries (0)...
[2018-12-23 19:08:57,600: INFO/Beat] Writing entries (0)...
[2018-12-23 19:12:02,469: INFO/Beat] Writing entries (0)...
[2018-12-23 19:15:07,346: INFO/Beat] Writing entries (0)...
[2018-12-23 19:18:12,199: INFO/Beat] Writing entries (0)...
[2018-12-23 19:21:17,055: INFO/Beat] Writing entries (0)...
[2018-12-23 19:24:21,928: INFO/Beat] Writing entries (0)...
[2018-12-23 19:27:26,789: INFO/Beat] Writing entries (0)...
[2018-12-23 19:30:31,636: INFO/Beat] Writing entries (0)...
[2018-12-23 19:33:36,502: INFO/Beat] Writing entries (0)...
[2018-12-23 19:36:41,368: INFO/Beat] Writing entries (0)...
[2018-12-23 19:39:46,229: INFO/Beat] Writing entries (0)...
[2018-12-23 19:42:51,091: INFO/Beat] Writing entries (0)...
[2018-12-23 19:45:55,974: INFO/Beat] Writing entries (0)...
[2018-12-23 19:49:00,821: INFO/Beat] Writing entries (0)...
[2018-12-23 19:52:05,673: INFO/Beat] Writing entries (0)...
[2018-12-23 19:55:10,516: INFO/Beat] Writing entries (0)...
[2018-12-23 19:58:15,360: INFO/Beat] Writing entries (0)...
[2018-12-23 20:01:20,214: INFO/Beat] Writing entries (0)...
[2018-12-23 20:04:25,076: INFO/Beat] Writing entries (0)...
[2018-12-23 20:07:29,933: INFO/Beat] Writing entries (0)...
[2018-12-23 20:10:34,796: INFO/Beat] Writing entries (0)...
[2018-12-23 20:13:39,665: INFO/Beat] Writing entries (0)...
[2018-12-23 20:16:44,518: INFO/Beat] Writing entries (0)...
[2018-12-23 20:19:49,381: INFO/Beat] Writing entries (0)...
[2018-12-23 20:22:54,235: INFO/Beat] Writing entries (0)...
[2018-12-23 20:25:59,093: INFO/Beat] Writing entries (0)...
[2018-12-23 20:29:03,947: INFO/Beat] Writing entries (0)...
[2018-12-23 20:32:08,806: INFO/Beat] Writing entries (0)...
[2018-12-23 20:35:13,648: INFO/Beat] Writing entries (0)...
[2018-12-23 20:38:18,499: INFO/Beat] Writing entries (0)...
[2018-12-23 20:41:23,362: INFO/Beat] Writing entries (0)...
[2018-12-23 20:44:28,204: INFO/Beat] Writing entries (0)...
[2018-12-23 20:47:33,050: INFO/Beat] Writing entries (0)...
[2018-12-23 20:50:37,915: INFO/Beat] Writing entries (0)...
[2018-12-23 20:53:42,781: INFO/Beat] Writing entries (0)...
[2018-12-23 20:56:47,640: INFO/Beat] Writing entries (0)...
[2018-12-23 20:59:52,499: INFO/Beat] Writing entries (0)...
[2018-12-23 21:02:57,360: INFO/Beat] Writing entries (0)...
[2018-12-23 21:06:02,228: INFO/Beat] Writing entries (0)...
[2018-12-23 21:09:07,076: INFO/Beat] Writing entries (0)...
[2018-12-23 21:12:11,940: INFO/Beat] Writing entries (0)...
[2018-12-23 21:15:16,809: INFO/Beat] Writing entries (0)...
[2018-12-23 21:18:21,692: INFO/Beat] Writing entries (0)...
[2018-12-23 21:21:26,572: INFO/Beat] Writing entries (0)...
[2018-12-23 21:24:31,443: INFO/Beat] Writing entries (0)...
[2018-12-23 21:27:36,280: INFO/Beat] Writing entries (0)...
[2018-12-23 21:30:41,149: INFO/Beat] Writing entries (0)...
[2018-12-23 21:33:46,006: INFO/Beat] Writing entries (0)...
[2018-12-23 21:36:50,868: INFO/Beat] Writing entries (0)...
[2018-12-23 21:39:55,738: INFO/Beat] Writing entries (0)...
[2018-12-23 21:43:00,596: INFO/Beat] Writing entries (0)...
[2018-12-23 21:46:05,450: INFO/Beat] Writing entries (0)...
[2018-12-23 21:49:10,317: INFO/Beat] Writing entries (0)...
[2018-12-23 21:52:15,169: INFO/Beat] Writing entries (0)...
[2018-12-23 21:55:20,033: INFO/Beat] Writing entries (0)...
[2018-12-23 21:58:24,898: INFO/Beat] Writing entries (0)...
[2018-12-23 22:01:29,763: INFO/Beat] Writing entries (0)...
[2018-12-23 22:04:34,634: INFO/Beat] Writing entries (0)...
[2018-12-23 22:07:39,489: INFO/Beat] Writing entries (0)...
[2018-12-23 22:10:44,346: INFO/Beat] Writing entries (0)...
[2018-12-23 22:13:49,205: INFO/Beat] Writing entries (0)...
[2018-12-23 22:16:54,055: INFO/Beat] Writing entries (0)...
[2018-12-23 22:19:58,929: INFO/Beat] Writing entries (0)...
[2018-12-23 22:23:03,789: INFO/Beat] Writing entries (0)...
[2018-12-23 22:26:08,654: INFO/Beat] Writing entries (0)...
[2018-12-23 22:29:13,518: INFO/Beat] Writing entries (0)...
[2018-12-23 22:32:18,390: INFO/Beat] Writing entries (0)...
[2018-12-23 22:35:23,253: INFO/Beat] Writing entries (0)...
[2018-12-23 22:38:28,125: INFO/Beat] Writing entries (0)...
[2018-12-23 22:41:32,990: INFO/Beat] Writing entries (0)...
[2018-12-23 22:44:37,835: INFO/Beat] Writing entries (0)...
[2018-12-23 22:47:42,693: INFO/Beat] Writing entries (0)...
[2018-12-23 22:50:47,554: INFO/Beat] Writing entries (0)...
[2018-12-23 22:53:52,418: INFO/Beat] Writing entries (0)...
[2018-12-23 22:56:57,278: INFO/Beat] Writing entries (0)...
[2018-12-23 23:00:02,147: INFO/Beat] Writing entries (0)...
[2018-12-23 23:03:06,984: INFO/Beat] Writing entries (0)...
[2018-12-23 23:06:11,841: INFO/Beat] Writing entries (0)...
[2018-12-23 23:09:16,704: INFO/Beat] Writing entries (0)...
[2018-12-23 23:12:21,569: INFO/Beat] Writing entries (0)...
[2018-12-23 23:15:26,408: INFO/Beat] Writing entries (0)...
[2018-12-23 23:18:31,264: INFO/Beat] Writing entries (0)...
[2018-12-23 23:21:36,145: INFO/Beat] Writing entries (0)...
[2018-12-23 23:24:40,997: INFO/Beat] Writing entries (0)...
[2018-12-23 23:27:45,859: INFO/Beat] Writing entries (0)...
[2018-12-23 23:30:50,725: INFO/Beat] Writing entries (0)...
[2018-12-23 23:33:55,590: INFO/Beat] Writing entries (0)...
[2018-12-23 23:37:00,443: INFO/Beat] Writing entries (0)...
[2018-12-23 23:40:05,300: INFO/Beat] Writing entries (0)...
[2018-12-23 23:43:10,157: INFO/Beat] Writing entries (0)...
[2018-12-23 23:46:15,038: INFO/Beat] Writing entries (0)...
[2018-12-23 23:49:19,904: INFO/Beat] Writing entries (0)...
[2018-12-23 23:52:24,771: INFO/Beat] Writing entries (0)...
[2018-12-23 23:55:29,626: INFO/Beat] Writing entries (0)...
[2018-12-23 23:58:34,479: INFO/Beat] Writing entries (0)...
[2018-12-24 00:01:39,336: INFO/Beat] Writing entries (0)...
[2018-12-24 00:04:44,180: INFO/Beat] Writing entries (0)...
[2018-12-24 00:07:49,035: INFO/Beat] Writing entries (0)...
[2018-12-24 00:10:53,903: INFO/Beat] Writing entries (0)...
[2018-12-24 00:13:58,763: INFO/Beat] Writing entries (0)...
[2018-12-24 00:17:03,636: INFO/Beat] Writing entries (0)...
[2018-12-24 00:20:08,496: INFO/Beat] Writing entries (0)...
[2018-12-24 00:23:13,348: INFO/Beat] Writing entries (0)...
[2018-12-24 00:26:18,222: INFO/Beat] Writing entries (0)...
[2018-12-24 00:29:23,089: INFO/Beat] Writing entries (0)...
[2018-12-24 00:30:00,000: INFO/Beat] Scheduler: Sending due task 每天的凌晨12:30分将redis数据导入mysql (wechat.tasks.redis_to_mysql)
[2018-12-24 00:30:00,005: INFO/MainProcess] Received task: wechat.tasks.redis_to_mysql[21dd3d9f-d7ef-4f02-b5fd-552fdceaafab]
[2018-12-24 00:30:00,006: WARNING/Worker-2] 开始执行定时任务redis_to_mysql,12/24/2018 00:30:00 AM
[2018-12-24 00:30:01,259: WARNING/Worker-2] 123123,student,四川工程职业技术学院保存成功，12/24/2018 00:30:01 AM
[2018-12-24 00:30:02,576: WARNING/Worker-2] 18208189729,student,四川工程职业技术学院保存成功，12/24/2018 00:30:02 AM
[2018-12-24 00:30:02,578: INFO/MainProcess] Task wechat.tasks.redis_to_mysql[21dd3d9f-d7ef-4f02-b5fd-552fdceaafab] succeeded in 2.5719674159772694s: None
[2018-12-24 00:32:24,904: INFO/Beat] Writing entries (1)...
[2018-12-24 00:35:29,760: INFO/Beat] Writing entries (0)...
[2018-12-24 00:38:34,627: INFO/Beat] Writing entries (0)...
[2018-12-24 00:41:39,490: INFO/Beat] Writing entries (0)...
[2018-12-24 00:44:44,354: INFO/Beat] Writing entries (0)...
[2018-12-24 00:47:49,233: INFO/Beat] Writing entries (0)...
[2018-12-24 00:50:54,098: INFO/Beat] Writing entries (0)...
[2018-12-24 00:53:58,965: INFO/Beat] Writing entries (0)...
[2018-12-24 00:57:03,824: INFO/Beat] Writing entries (0)...
[2018-12-24 01:00:08,677: INFO/Beat] Writing entries (0)...
[2018-12-24 01:03:13,541: INFO/Beat] Writing entries (0)...
[2018-12-24 01:06:18,396: INFO/Beat] Writing entries (0)...
[2018-12-24 01:09:23,266: INFO/Beat] Writing entries (0)...
[2018-12-24 01:12:28,117: INFO/Beat] Writing entries (0)...
[2018-12-24 01:15:32,973: INFO/Beat] Writing entries (0)...
[2018-12-24 01:18:37,840: INFO/Beat] Writing entries (0)...
[2018-12-24 01:21:42,679: INFO/Beat] Writing entries (0)...
[2018-12-24 01:24:47,535: INFO/Beat] Writing entries (0)...
[2018-12-24 01:27:52,384: INFO/Beat] Writing entries (0)...
[2018-12-24 01:30:57,249: INFO/Beat] Writing entries (0)...
[2018-12-24 01:34:02,086: INFO/Beat] Writing entries (0)...
[2018-12-24 01:37:06,947: INFO/Beat] Writing entries (0)...
[2018-12-24 01:40:11,808: INFO/Beat] Writing entries (0)...
[2018-12-24 01:43:16,663: INFO/Beat] Writing entries (0)...
[2018-12-24 01:46:21,523: INFO/Beat] Writing entries (0)...
[2018-12-24 01:49:26,397: INFO/Beat] Writing entries (0)...
[2018-12-24 01:52:31,245: INFO/Beat] Writing entries (0)...
[2018-12-24 01:55:36,107: INFO/Beat] Writing entries (0)...
[2018-12-24 01:58:40,976: INFO/Beat] Writing entries (0)...
[2018-12-24 02:01:45,838: INFO/Beat] Writing entries (0)...
[2018-12-24 02:04:50,709: INFO/Beat] Writing entries (0)...
[2018-12-24 02:07:55,568: INFO/Beat] Writing entries (0)...
[2018-12-24 02:11:00,421: INFO/Beat] Writing entries (0)...
[2018-12-24 02:14:05,278: INFO/Beat] Writing entries (0)...
[2018-12-24 02:17:10,119: INFO/Beat] Writing entries (0)...
[2018-12-24 02:20:14,994: INFO/Beat] Writing entries (0)...
[2018-12-24 02:23:19,851: INFO/Beat] Writing entries (0)...
[2018-12-24 02:26:24,727: INFO/Beat] Writing entries (0)...
[2018-12-24 02:29:29,604: INFO/Beat] Writing entries (0)...
[2018-12-24 02:32:34,466: INFO/Beat] Writing entries (0)...
[2018-12-24 02:35:39,318: INFO/Beat] Writing entries (0)...
[2018-12-24 02:38:44,172: INFO/Beat] Writing entries (0)...
[2018-12-24 02:41:49,035: INFO/Beat] Writing entries (0)...
[2018-12-24 02:44:53,880: INFO/Beat] Writing entries (0)...
[2018-12-24 02:47:58,746: INFO/Beat] Writing entries (0)...
[2018-12-24 02:51:03,607: INFO/Beat] Writing entries (0)...
[2018-12-24 02:54:08,482: INFO/Beat] Writing entries (0)...
[2018-12-24 02:57:13,343: INFO/Beat] Writing entries (0)...
[2018-12-24 03:00:18,207: INFO/Beat] Writing entries (0)...
[2018-12-24 03:03:23,074: INFO/Beat] Writing entries (0)...
[2018-12-24 03:06:27,936: INFO/Beat] Writing entries (0)...
[2018-12-24 03:09:32,791: INFO/Beat] Writing entries (0)...
[2018-12-24 03:12:37,663: INFO/Beat] Writing entries (0)...
[2018-12-24 03:15:42,511: INFO/Beat] Writing entries (0)...
[2018-12-24 03:18:47,349: INFO/Beat] Writing entries (0)...
[2018-12-24 03:21:52,207: INFO/Beat] Writing entries (0)...
[2018-12-24 03:24:57,064: INFO/Beat] Writing entries (0)...
[2018-12-24 03:28:01,924: INFO/Beat] Writing entries (0)...
[2018-12-24 03:31:06,784: INFO/Beat] Writing entries (0)...
[2018-12-24 03:34:11,643: INFO/Beat] Writing entries (0)...
[2018-12-24 03:37:16,504: INFO/Beat] Writing entries (0)...
[2018-12-24 03:40:21,362: INFO/Beat] Writing entries (0)...
[2018-12-24 03:43:26,210: INFO/Beat] Writing entries (0)...
[2018-12-24 03:46:31,061: INFO/Beat] Writing entries (0)...
[2018-12-24 03:49:35,922: INFO/Beat] Writing entries (0)...
[2018-12-24 03:52:40,794: INFO/Beat] Writing entries (0)...
[2018-12-24 03:55:45,651: INFO/Beat] Writing entries (0)...
[2018-12-24 03:58:50,516: INFO/Beat] Writing entries (0)...
[2018-12-24 04:00:00,001: INFO/Beat] Scheduler: Sending due task celery.backend_cleanup (celery.backend_cleanup)
[2018-12-24 04:00:00,004: INFO/MainProcess] Received task: celery.backend_cleanup[72fde8d0-24e1-4477-8efa-03eea7085f62]
[2018-12-24 04:00:00,005: INFO/MainProcess] Task celery.backend_cleanup[72fde8d0-24e1-4477-8efa-03eea7085f62] succeeded in 0.0011592009104788303s: None
[2018-12-24 04:01:54,920: INFO/Beat] Writing entries (1)...
[2018-12-24 04:04:59,804: INFO/Beat] Writing entries (0)...
[2018-12-24 04:08:04,662: INFO/Beat] Writing entries (0)...
[2018-12-24 04:11:09,507: INFO/Beat] Writing entries (0)...
[2018-12-24 04:14:14,373: INFO/Beat] Writing entries (0)...
[2018-12-24 04:17:19,244: INFO/Beat] Writing entries (0)...
[2018-12-24 04:20:24,097: INFO/Beat] Writing entries (0)...
[2018-12-24 04:23:28,960: INFO/Beat] Writing entries (0)...
[2018-12-24 04:26:33,828: INFO/Beat] Writing entries (0)...
[2018-12-24 04:29:38,688: INFO/Beat] Writing entries (0)...
[2018-12-24 04:32:43,531: INFO/Beat] Writing entries (0)...
[2018-12-24 04:35:48,374: INFO/Beat] Writing entries (0)...
[2018-12-24 04:38:53,238: INFO/Beat] Writing entries (0)...
[2018-12-24 04:41:58,098: INFO/Beat] Writing entries (0)...
[2018-12-24 04:45:02,955: INFO/Beat] Writing entries (0)...
[2018-12-24 04:48:07,816: INFO/Beat] Writing entries (0)...
[2018-12-24 04:51:12,675: INFO/Beat] Writing entries (0)...
[2018-12-24 04:54:17,539: INFO/Beat] Writing entries (0)...
[2018-12-24 04:57:22,415: INFO/Beat] Writing entries (0)...
[2018-12-24 05:00:27,266: INFO/Beat] Writing entries (0)...
[2018-12-24 05:03:32,123: INFO/Beat] Writing entries (0)...
[2018-12-24 05:06:36,960: INFO/Beat] Writing entries (0)...
[2018-12-24 05:09:41,829: INFO/Beat] Writing entries (0)...
[2018-12-24 05:12:46,684: INFO/Beat] Writing entries (0)...
[2018-12-24 05:15:51,535: INFO/Beat] Writing entries (0)...
[2018-12-24 05:18:56,393: INFO/Beat] Writing entries (0)...
[2018-12-24 05:22:01,255: INFO/Beat] Writing entries (0)...
[2018-12-24 05:25:06,125: INFO/Beat] Writing entries (0)...
[2018-12-24 05:28:10,979: INFO/Beat] Writing entries (0)...
[2018-12-24 05:31:15,840: INFO/Beat] Writing entries (0)...
[2018-12-24 05:34:20,703: INFO/Beat] Writing entries (0)...
[2018-12-24 05:37:25,566: INFO/Beat] Writing entries (0)...
[2018-12-24 05:40:30,419: INFO/Beat] Writing entries (0)...
[2018-12-24 05:43:35,272: INFO/Beat] Writing entries (0)...
[2018-12-24 05:46:40,116: INFO/Beat] Writing entries (0)...
[2018-12-24 05:49:44,983: INFO/Beat] Writing entries (0)...
[2018-12-24 05:52:49,841: INFO/Beat] Writing entries (0)...
[2018-12-24 05:55:54,695: INFO/Beat] Writing entries (0)...
[2018-12-24 05:58:59,543: INFO/Beat] Writing entries (0)...
[2018-12-24 06:02:04,399: INFO/Beat] Writing entries (0)...
[2018-12-24 06:05:09,270: INFO/Beat] Writing entries (0)...
[2018-12-24 06:08:14,126: INFO/Beat] Writing entries (0)...
[2018-12-24 06:11:18,983: INFO/Beat] Writing entries (0)...
[2018-12-24 06:14:23,841: INFO/Beat] Writing entries (0)...
[2018-12-24 06:17:28,706: INFO/Beat] Writing entries (0)...
[2018-12-24 06:20:33,560: INFO/Beat] Writing entries (0)...
[2018-12-24 06:23:38,415: INFO/Beat] Writing entries (0)...
[2018-12-24 06:26:43,278: INFO/Beat] Writing entries (0)...
[2018-12-24 06:29:48,140: INFO/Beat] Writing entries (0)...
[2018-12-24 06:32:52,989: INFO/Beat] Writing entries (0)...
[2018-12-24 06:35:57,858: INFO/Beat] Writing entries (0)...
[2018-12-24 06:39:02,717: INFO/Beat] Writing entries (0)...
[2018-12-24 06:42:07,598: INFO/Beat] Writing entries (0)...
[2018-12-24 06:45:12,457: INFO/Beat] Writing entries (0)...
[2018-12-24 06:48:17,309: INFO/Beat] Writing entries (0)...
[2018-12-24 06:51:22,155: INFO/Beat] Writing entries (0)...
[2018-12-24 06:54:27,020: INFO/Beat] Writing entries (0)...
[2018-12-24 06:57:31,888: INFO/Beat] Writing entries (0)...
[2018-12-24 07:00:36,749: INFO/Beat] Writing entries (0)...
[2018-12-24 07:03:41,596: INFO/Beat] Writing entries (0)...
[2018-12-24 07:06:46,465: INFO/Beat] Writing entries (0)...
[2018-12-24 07:09:51,325: INFO/Beat] Writing entries (0)...
[2018-12-24 07:12:56,180: INFO/Beat] Writing entries (0)...
[2018-12-24 07:16:01,031: INFO/Beat] Writing entries (0)...
[2018-12-24 07:19:05,886: INFO/Beat] Writing entries (0)...
[2018-12-24 07:22:10,735: INFO/Beat] Writing entries (0)...
[2018-12-24 07:25:15,595: INFO/Beat] Writing entries (0)...
[2018-12-24 07:28:20,461: INFO/Beat] Writing entries (0)...
[2018-12-24 07:31:25,319: INFO/Beat] Writing entries (0)...
[2018-12-24 07:34:30,175: INFO/Beat] Writing entries (0)...
[2018-12-24 07:37:35,041: INFO/Beat] Writing entries (0)...
[2018-12-24 07:40:39,904: INFO/Beat] Writing entries (0)...
[2018-12-24 07:43:44,772: INFO/Beat] Writing entries (0)...
[2018-12-24 07:46:49,646: INFO/Beat] Writing entries (0)...
[2018-12-24 07:49:54,509: INFO/Beat] Writing entries (0)...
[2018-12-24 07:52:59,373: INFO/Beat] Writing entries (0)...
[2018-12-24 07:56:04,233: INFO/Beat] Writing entries (0)...
[2018-12-24 07:59:09,093: INFO/Beat] Writing entries (0)...
[2018-12-24 08:02:13,961: INFO/Beat] Writing entries (0)...
[2018-12-24 08:05:18,819: INFO/Beat] Writing entries (0)...
[2018-12-24 08:08:23,682: INFO/Beat] Writing entries (0)...
[2018-12-24 08:11:28,543: INFO/Beat] Writing entries (0)...
